<?xml version="1.0" encoding="UTF-8"?>
<testng-results skipped="0" failed="0" ignored="0" total="1" passed="1">
  <reporter-output>
  </reporter-output>
  <suite name="Default suite" duration-ms="26203" started-at="2021-08-13T00:00:01 IST" finished-at="2021-08-13T00:00:28 IST">
    <groups>
    </groups>
    <test name="Default test" duration-ms="26203" started-at="2021-08-13T00:00:01 IST" finished-at="2021-08-13T00:00:28 IST">
      <class name="login.verifyfund">
        <test-method status="PASS" signature="openbrowser()[pri:0, instance:login.verifyfund@4d1b0d2a]" name="openbrowser" is-config="true" duration-ms="19401" started-at="2021-08-13T00:00:01 IST" finished-at="2021-08-13T00:00:21 IST">
          <reporter-output>
          </reporter-output>
        </test-method> <!-- openbrowser -->
        <test-method status="PASS" signature="login()[pri:0, instance:login.verifyfund@4d1b0d2a]" name="login" is-config="true" duration-ms="1487" started-at="2021-08-13T00:00:21 IST" finished-at="2021-08-13T00:00:22 IST">
          <reporter-output>
          </reporter-output>
        </test-method> <!-- login -->
        <test-method status="PASS" signature="verify()[pri:0, instance:login.verifyfund@4d1b0d2a]" name="verify" duration-ms="5051" started-at="2021-08-13T00:00:22 IST" finished-at="2021-08-13T00:00:27 IST">
          <reporter-output>
          </reporter-output>
        </test-method> <!-- verify -->
        <test-method status="PASS" signature="logout(org.testng.ITestResult)[pri:0, instance:login.verifyfund@4d1b0d2a]" name="logout" is-config="true" duration-ms="6" started-at="2021-08-13T00:00:27 IST" finished-at="2021-08-13T00:00:27 IST">
          <params>
            <param index="0">
              <value>
                <![CDATA[[TestResult name=verify status=SUCCESS method=verifyfund.verify()[pri:0, instance:login.verifyfund@4d1b0d2a] output={null}]]]>
              </value>
            </param>
          </params>
          <reporter-output>
          </reporter-output>
        </test-method> <!-- logout -->
      </class> <!-- login.verifyfund -->
    </test> <!-- Default test -->
  </suite> <!-- Default suite -->
</testng-results>
